android/app/build/intermediates/manifest_merge_blame_file/debug/processDebugMainManifest/manifest-merger-blame-debug-report.txt
1<?xml version="1.0" encoding="utf-8"?>
2<manifest xmlns:android="http://schemas.android.com/apk/res/android"
3    package="com.example.cashit"
4    android:versionCode="1"
5    android:versionName="1.0.0" >
6
7    <uses-sdk
8        android:minSdkVersion="24"
9        android:targetSdkVersion="36" />
10    <!--
11         The INTERNET permission is required for development. Specifically,
12         the Flutter tool needs it to communicate with the running application
13         to allow setting breakpoints, to provide hot reload, etc.
14    -->
15    <uses-permission android:name="android.permission.INTERNET" />
15-->src\debug\AndroidManifest.xml:6:5-66
15-->src\debug\AndroidManifest.xml:6:22-64
16    <!--
17     Required to query activities that can process text, see:
18         https://developer.android.com/training/package-visibility and
19         https://developer.android.com/reference/android/content/Intent#ACTION_PROCESS_TEXT.
20
21         In particular, this is used by the Flutter engine in io.flutter.plugin.text.ProcessTextPlugin.
22    -->
23    <queries>
23-->src\main\AndroidManifest.xml:39:5-44:15
24        <intent>
24-->src\main\AndroidManifest.xml:40:9-43:18
25            <action android:name="android.intent.action.PROCESS_TEXT" />
25-->src\main\AndroidManifest.xml:41:13-72
25-->src\main\AndroidManifest.xml:41:21-70
26
27            <data android:mimeType="text/plain" />
27-->src\main\AndroidManifest.xml:42:13-50
27-->src\main\AndroidManifest.xml:42:19-48
28        </intent>
29        <!-- Added to check the default browser that will host the AuthFlow. -->
30        <intent>
30-->[com.stripe:financial-connections:21.19.0] AndroidManifest.xml:13:9-17:18
31            <action android:name="android.intent.action.VIEW" />
31-->[com.google.firebase:firebase-auth:24.0.1] AndroidManifest.xml:36:17-69
31-->[com.google.firebase:firebase-auth:24.0.1] AndroidManifest.xml:36:25-66
32
33            <data android:scheme="http" />
33-->src\main\AndroidManifest.xml:42:13-50
34        </intent> <!-- Added to check if Chrome is installed for browser-based payment authentication (e.g. 3DS1). -->
35        <package android:name="com.android.chrome" /> <!-- Needs to be explicitly declared on Android R+ -->
35-->[com.stripe:payments-core:21.19.0] AndroidManifest.xml:11:9-54
35-->[com.stripe:payments-core:21.19.0] AndroidManifest.xml:11:18-51
36        <package android:name="com.google.android.apps.maps" />
36-->[com.google.android.gms:play-services-maps:18.0.2] AndroidManifest.xml:33:9-64
36-->[com.google.android.gms:play-services-maps:18.0.2] AndroidManifest.xml:33:18-61
37    </queries>
38
39    <uses-permission android:name="android.permission.ACCESS_NETWORK_STATE" />
39-->[com.google.firebase:firebase-auth:24.0.1] AndroidManifest.xml:26:5-79
39-->[com.google.firebase:firebase-auth:24.0.1] AndroidManifest.xml:26:22-76
40    <uses-permission android:name="android.permission.USE_BIOMETRIC" /> <!-- suppress DeprecatedClassUsageInspection -->
40-->[androidx.biometric:biometric:1.1.0] AndroidManifest.xml:24:5-72
40-->[androidx.biometric:biometric:1.1.0] AndroidManifest.xml:24:22-69
41    <uses-permission android:name="android.permission.USE_FINGERPRINT" />
41-->[androidx.biometric:biometric:1.1.0] AndroidManifest.xml:27:5-74
41-->[androidx.biometric:biometric:1.1.0] AndroidManifest.xml:27:22-71
42
43    <uses-feature
43-->[com.google.android.gms:play-services-maps:18.0.2] AndroidManifest.xml:26:5-28:35
44        android:glEsVersion="0x00020000"
44-->[com.google.android.gms:play-services-maps:18.0.2] AndroidManifest.xml:27:9-41
45        android:required="true" />
45-->[com.google.android.gms:play-services-maps:18.0.2] AndroidManifest.xml:28:9-32
46
47    <uses-permission android:name="com.google.android.providers.gsf.permission.READ_GSERVICES" />
47-->[com.google.android.recaptcha:recaptcha:18.6.1] AndroidManifest.xml:9:5-98
47-->[com.google.android.recaptcha:recaptcha:18.6.1] AndroidManifest.xml:9:22-95
48
49    <permission
49-->[androidx.core:core:1.15.0] AndroidManifest.xml:22:5-24:47
50        android:name="com.example.cashit.DYNAMIC_RECEIVER_NOT_EXPORTED_PERMISSION"
50-->[androidx.core:core:1.15.0] AndroidManifest.xml:23:9-81
51        android:protectionLevel="signature" />
51-->[androidx.core:core:1.15.0] AndroidManifest.xml:24:9-44
52
53    <uses-permission android:name="com.example.cashit.DYNAMIC_RECEIVER_NOT_EXPORTED_PERMISSION" />
53-->[androidx.core:core:1.15.0] AndroidManifest.xml:26:5-97
53-->[androidx.core:core:1.15.0] AndroidManifest.xml:26:22-94
54
55    <application
56        android:name="android.app.Application"
57        android:appComponentFactory="androidx.core.app.CoreComponentFactory"
57-->[androidx.core:core:1.15.0] AndroidManifest.xml:28:18-86
58        android:debuggable="true"
59        android:extractNativeLibs="false"
60        android:icon="@mipmap/ic_launcher"
61        android:label="cashit" >
62        <activity
63            android:name="com.example.cashit.MainActivity"
64            android:configChanges="orientation|keyboardHidden|keyboard|screenSize|smallestScreenSize|locale|layoutDirection|fontScale|screenLayout|density|uiMode"
65            android:exported="true"
66            android:hardwareAccelerated="true"
67            android:launchMode="singleTop"
68            android:taskAffinity=""
69            android:theme="@style/NormalTheme"
70            android:windowSoftInputMode="adjustResize" >
71
72            <!--
73                 Specifies an Android theme to apply to this Activity as soon as
74                 the Android process has started. This theme is visible to the user
75                 while the Flutter UI initializes. After that, this theme continues
76                 to determine the Window background behind the Flutter UI.
77            -->
78            <meta-data
79                android:name="io.flutter.embedding.android.NormalTheme"
80                android:resource="@style/NormalTheme" />
81
82            <intent-filter>
83                <action android:name="android.intent.action.MAIN" />
84
85                <category android:name="android.intent.category.LAUNCHER" />
86            </intent-filter>
87        </activity>
88        <!--
89             Don't delete the meta-data below.
90             This is used by the Flutter tool to generate GeneratedPluginRegistrant.java
91        -->
92        <meta-data
93            android:name="flutterEmbedding"
94            android:value="2" />
95
96        <service
96-->[:cloud_firestore] AndroidManifest.xml:8:9-12:19
97            android:name="com.google.firebase.components.ComponentDiscoveryService"
97-->[:cloud_firestore] AndroidManifest.xml:8:18-89
98            android:directBootAware="true"
98-->[com.google.firebase:firebase-common:22.0.1] AndroidManifest.xml:32:13-43
99            android:exported="false" >
99-->[com.google.firebase:firebase-auth:24.0.1] AndroidManifest.xml:68:13-37
100            <meta-data
100-->[:cloud_firestore] AndroidManifest.xml:9:13-11:85
101                android:name="com.google.firebase.components:io.flutter.plugins.firebase.firestore.FlutterFirebaseFirestoreRegistrar"
101-->[:cloud_firestore] AndroidManifest.xml:10:17-134
102                android:value="com.google.firebase.components.ComponentRegistrar" />
102-->[:cloud_firestore] AndroidManifest.xml:11:17-82
103            <meta-data
103-->[:firebase_auth] AndroidManifest.xml:9:13-11:85
104                android:name="com.google.firebase.components:io.flutter.plugins.firebase.auth.FlutterFirebaseAuthRegistrar"
104-->[:firebase_auth] AndroidManifest.xml:10:17-124
105                android:value="com.google.firebase.components.ComponentRegistrar" />
105-->[:firebase_auth] AndroidManifest.xml:11:17-82
106            <meta-data
106-->[:firebase_storage] AndroidManifest.xml:9:13-11:85
107                android:name="com.google.firebase.components:io.flutter.plugins.firebase.storage.FlutterFirebaseAppRegistrar"
107-->[:firebase_storage] AndroidManifest.xml:10:17-126
108                android:value="com.google.firebase.components.ComponentRegistrar" />
108-->[:firebase_storage] AndroidManifest.xml:11:17-82
109            <meta-data
109-->[:firebase_core] AndroidManifest.xml:9:13-11:85
110                android:name="com.google.firebase.components:io.flutter.plugins.firebase.core.FlutterFirebaseCoreRegistrar"
110-->[:firebase_core] AndroidManifest.xml:10:17-124
111                android:value="com.google.firebase.components.ComponentRegistrar" />
111-->[:firebase_core] AndroidManifest.xml:11:17-82
112            <meta-data
112-->[com.google.firebase:firebase-auth:24.0.1] AndroidManifest.xml:69:13-71:85
113                android:name="com.google.firebase.components:com.google.firebase.auth.FirebaseAuthRegistrar"
113-->[com.google.firebase:firebase-auth:24.0.1] AndroidManifest.xml:70:17-109
114                android:value="com.google.firebase.components.ComponentRegistrar" />
114-->[com.google.firebase:firebase-auth:24.0.1] AndroidManifest.xml:71:17-82
115            <meta-data
115-->[com.google.firebase:firebase-firestore:26.0.2] AndroidManifest.xml:17:13-19:85
116                android:name="com.google.firebase.components:com.google.firebase.firestore.FirebaseFirestoreKtxRegistrar"
116-->[com.google.firebase:firebase-firestore:26.0.2] AndroidManifest.xml:18:17-122
117                android:value="com.google.firebase.components.ComponentRegistrar" />
117-->[com.google.firebase:firebase-firestore:26.0.2] AndroidManifest.xml:19:17-82
118            <meta-data
118-->[com.google.firebase:firebase-firestore:26.0.2] AndroidManifest.xml:20:13-22:85
119                android:name="com.google.firebase.components:com.google.firebase.firestore.FirestoreRegistrar"
119-->[com.google.firebase:firebase-firestore:26.0.2] AndroidManifest.xml:21:17-111
120                android:value="com.google.firebase.components.ComponentRegistrar" />
120-->[com.google.firebase:firebase-firestore:26.0.2] AndroidManifest.xml:22:17-82
121            <meta-data
121-->[com.google.firebase:firebase-storage:22.0.1] AndroidManifest.xml:30:13-32:85
122                android:name="com.google.firebase.components:com.google.firebase.storage.FirebaseStorageKtxRegistrar"
122-->[com.google.firebase:firebase-storage:22.0.1] AndroidManifest.xml:31:17-118
123                android:value="com.google.firebase.components.ComponentRegistrar" />
123-->[com.google.firebase:firebase-storage:22.0.1] AndroidManifest.xml:32:17-82
124            <meta-data
124-->[com.google.firebase:firebase-storage:22.0.1] AndroidManifest.xml:33:13-35:85
125                android:name="com.google.firebase.components:com.google.firebase.storage.StorageRegistrar"
125-->[com.google.firebase:firebase-storage:22.0.1] AndroidManifest.xml:34:17-107
126                android:value="com.google.firebase.components.ComponentRegistrar" />
126-->[com.google.firebase:firebase-storage:22.0.1] AndroidManifest.xml:35:17-82
127            <meta-data
127-->[com.google.firebase:firebase-common:22.0.1] AndroidManifest.xml:35:13-37:85
128                android:name="com.google.firebase.components:com.google.firebase.FirebaseCommonKtxRegistrar"
128-->[com.google.firebase:firebase-common:22.0.1] AndroidManifest.xml:36:17-109
129                android:value="com.google.firebase.components.ComponentRegistrar" />
129-->[com.google.firebase:firebase-common:22.0.1] AndroidManifest.xml:37:17-82
130            <meta-data
130-->[com.google.firebase:firebase-appcheck:19.0.1] AndroidManifest.xml:25:13-27:85
131                android:name="com.google.firebase.components:com.google.firebase.appcheck.FirebaseAppCheckKtxRegistrar"
131-->[com.google.firebase:firebase-appcheck:19.0.1] AndroidManifest.xml:26:17-120
132                android:value="com.google.firebase.components.ComponentRegistrar" />
132-->[com.google.firebase:firebase-appcheck:19.0.1] AndroidManifest.xml:27:17-82
133            <meta-data
133-->[com.google.firebase:firebase-appcheck:19.0.1] AndroidManifest.xml:28:13-30:85
134                android:name="com.google.firebase.components:com.google.firebase.appcheck.FirebaseAppCheckRegistrar"
134-->[com.google.firebase:firebase-appcheck:19.0.1] AndroidManifest.xml:29:17-117
135                android:value="com.google.firebase.components.ComponentRegistrar" />
135-->[com.google.firebase:firebase-appcheck:19.0.1] AndroidManifest.xml:30:17-82
136        </service>
137
138        <activity
138-->[:url_launcher_android] AndroidManifest.xml:8:9-11:74
139            android:name="io.flutter.plugins.urllauncher.WebViewActivity"
139-->[:url_launcher_android] AndroidManifest.xml:9:13-74
140            android:exported="false"
140-->[:url_launcher_android] AndroidManifest.xml:10:13-37
141            android:theme="@android:style/Theme.NoTitleBar.Fullscreen" />
141-->[:url_launcher_android] AndroidManifest.xml:11:13-71
142        <activity
142-->[com.google.firebase:firebase-auth:24.0.1] AndroidManifest.xml:29:9-46:20
143            android:name="com.google.firebase.auth.internal.GenericIdpActivity"
143-->[com.google.firebase:firebase-auth:24.0.1] AndroidManifest.xml:30:13-80
144            android:excludeFromRecents="true"
144-->[com.google.firebase:firebase-auth:24.0.1] AndroidManifest.xml:31:13-46
145            android:exported="true"
145-->[com.google.firebase:firebase-auth:24.0.1] AndroidManifest.xml:32:13-36
146            android:launchMode="singleTask"
146-->[com.google.firebase:firebase-auth:24.0.1] AndroidManifest.xml:33:13-44
147            android:theme="@android:style/Theme.Translucent.NoTitleBar" >
147-->[com.google.firebase:firebase-auth:24.0.1] AndroidManifest.xml:34:13-72
148            <intent-filter>
148-->[com.google.firebase:firebase-auth:24.0.1] AndroidManifest.xml:35:13-45:29
149                <action android:name="android.intent.action.VIEW" />
149-->[com.google.firebase:firebase-auth:24.0.1] AndroidManifest.xml:36:17-69
149-->[com.google.firebase:firebase-auth:24.0.1] AndroidManifest.xml:36:25-66
150
151                <category android:name="android.intent.category.DEFAULT" />
151-->[com.google.firebase:firebase-auth:24.0.1] AndroidManifest.xml:38:17-76
151-->[com.google.firebase:firebase-auth:24.0.1] AndroidManifest.xml:38:27-73
152                <category android:name="android.intent.category.BROWSABLE" />
152-->[com.google.firebase:firebase-auth:24.0.1] AndroidManifest.xml:39:17-78
152-->[com.google.firebase:firebase-auth:24.0.1] AndroidManifest.xml:39:27-75
153
154                <data
154-->src\main\AndroidManifest.xml:42:13-50
155                    android:host="firebase.auth"
156                    android:path="/"
157                    android:scheme="genericidp" />
158            </intent-filter>
159        </activity>
160        <activity
160-->[com.google.firebase:firebase-auth:24.0.1] AndroidManifest.xml:47:9-64:20
161            android:name="com.google.firebase.auth.internal.RecaptchaActivity"
161-->[com.google.firebase:firebase-auth:24.0.1] AndroidManifest.xml:48:13-79
162            android:excludeFromRecents="true"
162-->[com.google.firebase:firebase-auth:24.0.1] AndroidManifest.xml:49:13-46
163            android:exported="true"
163-->[com.google.firebase:firebase-auth:24.0.1] AndroidManifest.xml:50:13-36
164            android:launchMode="singleTask"
164-->[com.google.firebase:firebase-auth:24.0.1] AndroidManifest.xml:51:13-44
165            android:theme="@android:style/Theme.Translucent.NoTitleBar" >
165-->[com.google.firebase:firebase-auth:24.0.1] AndroidManifest.xml:52:13-72
166            <intent-filter>
166-->[com.google.firebase:firebase-auth:24.0.1] AndroidManifest.xml:53:13-63:29
167                <action android:name="android.intent.action.VIEW" />
167-->[com.google.firebase:firebase-auth:24.0.1] AndroidManifest.xml:36:17-69
167-->[com.google.firebase:firebase-auth:24.0.1] AndroidManifest.xml:36:25-66
168
169                <category android:name="android.intent.category.DEFAULT" />
169-->[com.google.firebase:firebase-auth:24.0.1] AndroidManifest.xml:38:17-76
169-->[com.google.firebase:firebase-auth:24.0.1] AndroidManifest.xml:38:27-73
170                <category android:name="android.intent.category.BROWSABLE" />
170-->[com.google.firebase:firebase-auth:24.0.1] AndroidManifest.xml:39:17-78
170-->[com.google.firebase:firebase-auth:24.0.1] AndroidManifest.xml:39:27-75
171
172                <data
172-->src\main\AndroidManifest.xml:42:13-50
173                    android:host="firebase.auth"
174                    android:path="/"
175                    android:scheme="recaptcha" />
176            </intent-filter>
177        </activity>
178
179        <service
179-->[androidx.credentials:credentials-play-services-auth:1.5.0] AndroidManifest.xml:24:9-32:19
180            android:name="androidx.credentials.playservices.CredentialProviderMetadataHolder"
180-->[androidx.credentials:credentials-play-services-auth:1.5.0] AndroidManifest.xml:25:13-94
181            android:enabled="true"
181-->[androidx.credentials:credentials-play-services-auth:1.5.0] AndroidManifest.xml:26:13-35
182            android:exported="false" >
182-->[androidx.credentials:credentials-play-services-auth:1.5.0] AndroidManifest.xml:27:13-37
183            <meta-data
183-->[androidx.credentials:credentials-play-services-auth:1.5.0] AndroidManifest.xml:29:13-31:104
184                android:name="androidx.credentials.CREDENTIAL_PROVIDER_KEY"
184-->[androidx.credentials:credentials-play-services-auth:1.5.0] AndroidManifest.xml:30:17-76
185                android:value="androidx.credentials.playservices.CredentialProviderPlayServicesImpl" />
185-->[androidx.credentials:credentials-play-services-auth:1.5.0] AndroidManifest.xml:31:17-101
186        </service>
187
188        <activity
188-->[androidx.credentials:credentials-play-services-auth:1.5.0] AndroidManifest.xml:34:9-41:20
189            android:name="androidx.credentials.playservices.HiddenActivity"
189-->[androidx.credentials:credentials-play-services-auth:1.5.0] AndroidManifest.xml:35:13-76
190            android:configChanges="orientation|screenSize|screenLayout|keyboardHidden"
190-->[androidx.credentials:credentials-play-services-auth:1.5.0] AndroidManifest.xml:36:13-87
191            android:enabled="true"
191-->[androidx.credentials:credentials-play-services-auth:1.5.0] AndroidManifest.xml:37:13-35
192            android:exported="false"
192-->[androidx.credentials:credentials-play-services-auth:1.5.0] AndroidManifest.xml:38:13-37
193            android:fitsSystemWindows="true"
193-->[androidx.credentials:credentials-play-services-auth:1.5.0] AndroidManifest.xml:39:13-45
194            android:theme="@style/Theme.Hidden" >
194-->[androidx.credentials:credentials-play-services-auth:1.5.0] AndroidManifest.xml:40:13-48
195        </activity>
196        <activity
196-->[androidx.credentials:credentials-play-services-auth:1.5.0] AndroidManifest.xml:42:9-49:20
197            android:name="androidx.credentials.playservices.IdentityCredentialApiHiddenActivity"
197-->[androidx.credentials:credentials-play-services-auth:1.5.0] AndroidManifest.xml:43:13-97
198            android:configChanges="orientation|screenSize|screenLayout|keyboardHidden"
198-->[androidx.credentials:credentials-play-services-auth:1.5.0] AndroidManifest.xml:44:13-87
199            android:enabled="true"
199-->[androidx.credentials:credentials-play-services-auth:1.5.0] AndroidManifest.xml:45:13-35
200            android:exported="false"
200-->[androidx.credentials:credentials-play-services-auth:1.5.0] AndroidManifest.xml:46:13-37
201            android:fitsSystemWindows="true"
201-->[androidx.credentials:credentials-play-services-auth:1.5.0] AndroidManifest.xml:47:13-45
202            android:theme="@style/Theme.Hidden" >
202-->[androidx.credentials:credentials-play-services-auth:1.5.0] AndroidManifest.xml:48:13-48
203        </activity>
204        <activity
204-->[com.stripe:financial-connections:21.19.0] AndroidManifest.xml:21:9-65:20
205            android:name="com.stripe.android.financialconnections.FinancialConnectionsSheetRedirectActivity"
205-->[com.stripe:financial-connections:21.19.0] AndroidManifest.xml:22:13-109
206            android:exported="true"
206-->[com.stripe:financial-connections:21.19.0] AndroidManifest.xml:23:13-36
207            android:launchMode="singleTask" >
207-->[com.stripe:financial-connections:21.19.0] AndroidManifest.xml:24:13-44
208            <intent-filter>
208-->[com.stripe:financial-connections:21.19.0] AndroidManifest.xml:25:13-64:29
209                <action android:name="android.intent.action.VIEW" />
209-->[com.google.firebase:firebase-auth:24.0.1] AndroidManifest.xml:36:17-69
209-->[com.google.firebase:firebase-auth:24.0.1] AndroidManifest.xml:36:25-66
210
211                <category android:name="android.intent.category.DEFAULT" />
211-->[com.google.firebase:firebase-auth:24.0.1] AndroidManifest.xml:38:17-76
211-->[com.google.firebase:firebase-auth:24.0.1] AndroidManifest.xml:38:27-73
212                <category android:name="android.intent.category.BROWSABLE" />
212-->[com.google.firebase:firebase-auth:24.0.1] AndroidManifest.xml:39:17-78
212-->[com.google.firebase:firebase-auth:24.0.1] AndroidManifest.xml:39:27-75
213
214                <!-- Returning from app2app: return_url is triggered to reopen web AuthFlow and poll accounts. -->
215                <data
215-->src\main\AndroidManifest.xml:42:13-50
216                    android:host="link-accounts"
217                    android:pathPrefix="/com.example.cashit/authentication_return"
218                    android:scheme="stripe-auth" />
219
220                <!-- Returning from app2app: return_url is triggered to reopen native AuthFlow and poll accounts. -->
221                <data
221-->src\main\AndroidManifest.xml:42:13-50
222                    android:host="link-native-accounts"
223                    android:pathPrefix="/com.example.cashit/authentication_return"
224                    android:scheme="stripe-auth" />
225
226                <!-- End of web AuthFlow success and cancel URIs that begin with "stripe-auth://link-accounts/{app-id}/...” -->
227                <data
227-->src\main\AndroidManifest.xml:42:13-50
228                    android:host="link-accounts"
229                    android:path="/com.example.cashit/success"
230                    android:scheme="stripe-auth" />
231                <data
231-->src\main\AndroidManifest.xml:42:13-50
232                    android:host="link-accounts"
233                    android:path="/com.example.cashit/cancel"
234                    android:scheme="stripe-auth" />
235
236                <!-- Opening app2app: Web flow triggers stripe-auth://native-redirect/{app-id}/http://web-that-redirects-to-native -->
237                <data
237-->src\main\AndroidManifest.xml:42:13-50
238                    android:host="native-redirect"
239                    android:pathPrefix="/com.example.cashit"
240                    android:scheme="stripe-auth" />
241
242                <!-- Accepts success/cancel/fail URIs that begin with "stripe://auth-redirect” -->
243                <data
243-->src\main\AndroidManifest.xml:42:13-50
244                    android:host="auth-redirect"
245                    android:pathPrefix="/com.example.cashit"
246                    android:scheme="stripe" />
247            </intent-filter>
248        </activity>
249        <activity
249-->[com.stripe:financial-connections:21.19.0] AndroidManifest.xml:66:9-69:77
250            android:name="com.stripe.android.financialconnections.FinancialConnectionsSheetActivity"
250-->[com.stripe:financial-connections:21.19.0] AndroidManifest.xml:67:13-101
251            android:exported="false"
251-->[com.stripe:financial-connections:21.19.0] AndroidManifest.xml:68:13-37
252            android:theme="@style/StripeFinancialConnectionsDefaultTheme" />
252-->[com.stripe:financial-connections:21.19.0] AndroidManifest.xml:69:13-74
253        <activity
253-->[com.stripe:financial-connections:21.19.0] AndroidManifest.xml:70:9-74:58
254            android:name="com.stripe.android.financialconnections.ui.FinancialConnectionsSheetNativeActivity"
254-->[com.stripe:financial-connections:21.19.0] AndroidManifest.xml:71:13-110
255            android:exported="false"
255-->[com.stripe:financial-connections:21.19.0] AndroidManifest.xml:72:13-37
256            android:theme="@style/StripeFinancialConnectionsDefaultTheme"
256-->[com.stripe:financial-connections:21.19.0] AndroidManifest.xml:73:13-74
257            android:windowSoftInputMode="adjustResize" />
257-->[com.stripe:financial-connections:21.19.0] AndroidManifest.xml:74:13-55
258
259        <provider
259-->[com.google.firebase:firebase-common:22.0.1] AndroidManifest.xml:23:9-28:39
260            android:name="com.google.firebase.provider.FirebaseInitProvider"
260-->[com.google.firebase:firebase-common:22.0.1] AndroidManifest.xml:24:13-77
261            android:authorities="com.example.cashit.firebaseinitprovider"
261-->[com.google.firebase:firebase-common:22.0.1] AndroidManifest.xml:25:13-72
262            android:directBootAware="true"
262-->[com.google.firebase:firebase-common:22.0.1] AndroidManifest.xml:26:13-43
263            android:exported="false"
263-->[com.google.firebase:firebase-common:22.0.1] AndroidManifest.xml:27:13-37
264            android:initOrder="100" />
264-->[com.google.firebase:firebase-common:22.0.1] AndroidManifest.xml:28:13-36
265
266        <uses-library
266-->[androidx.window:window:1.2.0] AndroidManifest.xml:23:9-25:40
267            android:name="androidx.window.extensions"
267-->[androidx.window:window:1.2.0] AndroidManifest.xml:24:13-54
268            android:required="false" />
268-->[androidx.window:window:1.2.0] AndroidManifest.xml:25:13-37
269        <uses-library
269-->[androidx.window:window:1.2.0] AndroidManifest.xml:26:9-28:40
270            android:name="androidx.window.sidecar"
270-->[androidx.window:window:1.2.0] AndroidManifest.xml:27:13-51
271            android:required="false" />
271-->[androidx.window:window:1.2.0] AndroidManifest.xml:28:13-37
272
273        <activity
273-->[com.stripe:paymentsheet:21.19.0] AndroidManifest.xml:8:9-11:69
274            android:name="com.stripe.android.paymentsheet.PaymentSheetActivity"
274-->[com.stripe:paymentsheet:21.19.0] AndroidManifest.xml:9:13-80
275            android:exported="false"
275-->[com.stripe:paymentsheet:21.19.0] AndroidManifest.xml:10:13-37
276            android:theme="@style/StripePaymentSheetDefaultTheme" />
276-->[com.stripe:paymentsheet:21.19.0] AndroidManifest.xml:11:13-66
277        <activity
277-->[com.stripe:paymentsheet:21.19.0] AndroidManifest.xml:12:9-15:69
278            android:name="com.stripe.android.paymentsheet.PaymentOptionsActivity"
278-->[com.stripe:paymentsheet:21.19.0] AndroidManifest.xml:13:13-82
279            android:exported="false"
279-->[com.stripe:paymentsheet:21.19.0] AndroidManifest.xml:14:13-37
280            android:theme="@style/StripePaymentSheetDefaultTheme" />
280-->[com.stripe:paymentsheet:21.19.0] AndroidManifest.xml:15:13-66
281        <activity
281-->[com.stripe:paymentsheet:21.19.0] AndroidManifest.xml:16:9-19:69
282            android:name="com.stripe.android.customersheet.CustomerSheetActivity"
282-->[com.stripe:paymentsheet:21.19.0] AndroidManifest.xml:17:13-82
283            android:exported="false"
283-->[com.stripe:paymentsheet:21.19.0] AndroidManifest.xml:18:13-37
284            android:theme="@style/StripePaymentSheetDefaultTheme" />
284-->[com.stripe:paymentsheet:21.19.0] AndroidManifest.xml:19:13-66
285        <activity
285-->[com.stripe:paymentsheet:21.19.0] AndroidManifest.xml:20:9-23:69
286            android:name="com.stripe.android.paymentsheet.addresselement.AddressElementActivity"
286-->[com.stripe:paymentsheet:21.19.0] AndroidManifest.xml:21:13-97
287            android:exported="false"
287-->[com.stripe:paymentsheet:21.19.0] AndroidManifest.xml:22:13-37
288            android:theme="@style/StripePaymentSheetDefaultTheme" />
288-->[com.stripe:paymentsheet:21.19.0] AndroidManifest.xml:23:13-66
289        <activity
289-->[com.stripe:paymentsheet:21.19.0] AndroidManifest.xml:24:9-27:69
290            android:name="com.stripe.android.paymentsheet.paymentdatacollection.bacs.BacsMandateConfirmationActivity"
290-->[com.stripe:paymentsheet:21.19.0] AndroidManifest.xml:25:13-118
291            android:exported="false"
291-->[com.stripe:paymentsheet:21.19.0] AndroidManifest.xml:26:13-37
292            android:theme="@style/StripePaymentSheetDefaultTheme" />
292-->[com.stripe:paymentsheet:21.19.0] AndroidManifest.xml:27:13-66
293        <activity
293-->[com.stripe:paymentsheet:21.19.0] AndroidManifest.xml:28:9-31:69
294            android:name="com.stripe.android.paymentsheet.paymentdatacollection.polling.PollingActivity"
294-->[com.stripe:paymentsheet:21.19.0] AndroidManifest.xml:29:13-105
295            android:exported="false"
295-->[com.stripe:paymentsheet:21.19.0] AndroidManifest.xml:30:13-37
296            android:theme="@style/StripePaymentSheetDefaultTheme" />
296-->[com.stripe:paymentsheet:21.19.0] AndroidManifest.xml:31:13-66
297        <activity
297-->[com.stripe:paymentsheet:21.19.0] AndroidManifest.xml:32:9-35:69
298            android:name="com.stripe.android.paymentsheet.ui.SepaMandateActivity"
298-->[com.stripe:paymentsheet:21.19.0] AndroidManifest.xml:33:13-82
299            android:exported="false"
299-->[com.stripe:paymentsheet:21.19.0] AndroidManifest.xml:34:13-37
300            android:theme="@style/StripePaymentSheetDefaultTheme" />
300-->[com.stripe:paymentsheet:21.19.0] AndroidManifest.xml:35:13-66
301        <activity
301-->[com.stripe:paymentsheet:21.19.0] AndroidManifest.xml:36:9-39:68
302            android:name="com.stripe.android.paymentsheet.ExternalPaymentMethodProxyActivity"
302-->[com.stripe:paymentsheet:21.19.0] AndroidManifest.xml:37:13-94
303            android:exported="false"